<?xml version="1.0" encoding="UTF-8"?>
<beans xmlns="http://www.springframework.org/schema/beans"
       xmlns:xsi="http://www.w3.org/2001/XMLSchema-instance" xmlns:lang="http://www.springframework.org/schema/lang"
       xmlns:context="http://www.springframework.org/schema/context"
       xsi:schemaLocation="http://www.springframework.org/schema/beans http://www.springframework.org/schema/beans/spring-beans.xsd
       http://camel.apache.org/schema/spring       http://camel.apache.org/schema/spring/camel-spring.xsd http://www.springframework.org/schema/lang http://www.springframework.org/schema/lang/spring-lang.xsd http://www.springframework.org/schema/context http://www.springframework.org/schema/context/spring-context.xsd">


    <bean id="metricsRouteBuilder" class="org.swinchester.metrics.collectj.routebuilder.MetricsRouteBuilder" />
    <bean id="timerRouteBuilder" class="org.swinchester.metrics.collectj.routebuilder.TimerRouteBuilder">
        <property name="camelCronUri" value="direct:fakeit" />
    </bean>

    <camelContext id="context" xmlns="http://camel.apache.org/schema/spring">
        <routeBuilder ref="metricsRouteBuilder" />
        <routeBuilder ref="timerRouteBuilder" />
    </camelContext>

</beans>
